#
# There is insufficient memory for the Java Runtime Environment to continue.
# Native memory allocation (malloc) failed to allocate 847632 bytes for Chunk::new
# Possible reasons:
#   The system is out of physical RAM or swap space
#   In 32 bit mode, the process size limit was hit
# Possible solutions:
#   Reduce memory load on the system
#   Increase physical memory or swap space
#   Check if swap backing store is full
#   Use 64 bit Java on a 64 bit OS
#   Decrease Java heap size (-Xmx/-Xms)
#   Decrease number of Java threads
#   Decrease Java thread stack sizes (-Xss)
#   Set larger code cache with -XX:ReservedCodeCacheSize=
# This output file may be truncated or incomplete.
#
#  Out of Memory Error (allocation.cpp:390), pid=14904, tid=0x0000000000004b1c
#
# JRE version: OpenJDK Runtime Environment (8.0) (build 1.8.0-adoptopenjdk-_2018_05_19_00_59-b00)
# Java VM: OpenJDK 64-Bit Server VM (25.71-b00 mixed mode windows-amd64 compressed oops)
# Failed to write core dump. Minidumps are not enabled by default on client versions of Windows
#

---------------  T H R E A D  ---------------

Current thread (0x000000001e08d800):  JavaThread "C2 CompilerThread7" daemon [_thread_in_native, id=19228, stack(0x00000000203d0000,0x00000000204d0000)]

Stack: [0x00000000203d0000,0x00000000204d0000]
[error occurred during error reporting (printing stack bounds), id 0xc0000005]

Native frames: (J=compiled Java code, j=interpreted, Vv=VM code, C=native code)


Current CompileTask:
C2:    838 2190 %     4       com.sun.org.apache.xerces.internal.impl.xpath.regex.RegularExpression::match @ 38 (1844 bytes)


---------------  P R O C E S S  ---------------

Java Threads: ( => current thread )
  0x000000001e159000 JavaThread "Service Thread" daemon [_thread_blocked, id=3672, stack(0x00000000209d0000,0x0000000020ad0000)]
  0x000000001e0dc000 JavaThread "C1 CompilerThread11" daemon [_thread_blocked, id=7132, stack(0x00000000207d0000,0x00000000208d0000)]
  0x000000001e0cf800 JavaThread "C1 CompilerThread10" daemon [_thread_blocked, id=29208, stack(0x00000000206d0000,0x00000000207d0000)]
  0x000000001e0bd800 JavaThread "C1 CompilerThread9" daemon [_thread_blocked, id=27992, stack(0x00000000205d0000,0x00000000206d0000)]
  0x000000001e09d000 JavaThread "C1 CompilerThread8" daemon [_thread_blocked, id=17100, stack(0x00000000204d0000,0x00000000205d0000)]
=>0x000000001e08d800 JavaThread "C2 CompilerThread7" daemon [_thread_in_native, id=19228, stack(0x00000000203d0000,0x00000000204d0000)]
  0x000000001e08d000 JavaThread "C2 CompilerThread6" daemon [_thread_in_native, id=17020, stack(0x00000000202d0000,0x00000000203d0000)]
  0x000000001e084000 JavaThread "C2 CompilerThread5" daemon [_thread_in_native, id=30208, stack(0x00000000201d0000,0x00000000202d0000)]
  0x000000001e07c800 JavaThread "C2 CompilerThread4" daemon [_thread_in_native, id=21464, stack(0x00000000200d0000,0x00000000201d0000)]
  0x000000001e078800 JavaThread "C2 CompilerThread3" daemon [_thread_in_native, id=16308, stack(0x000000001ffd0000,0x00000000200d0000)]
  0x000000001e075800 JavaThread "C2 CompilerThread2" daemon [_thread_in_native, id=29524, stack(0x000000001fed0000,0x000000001ffd0000)]
  0x000000001e074000 JavaThread "C2 CompilerThread1" daemon [_thread_in_native, id=2564, stack(0x000000001fdd0000,0x000000001fed0000)]
  0x000000001e072000 JavaThread "C2 CompilerThread0" daemon [_thread_in_native, id=15200, stack(0x000000001fcd0000,0x000000001fdd0000)]
  0x000000001e071000 JavaThread "Attach Listener" daemon [_thread_blocked, id=7876, stack(0x000000001fbd0000,0x000000001fcd0000)]
  0x000000001e06e800 JavaThread "Signal Dispatcher" daemon [_thread_blocked, id=9304, stack(0x000000001fad0000,0x000000001fbd0000)]
  0x000000001e056800 JavaThread "Finalizer" daemon [_thread_blocked, id=15336, stack(0x000000001f8d0000,0x000000001f9d0000)]
  0x000000001c5ef000 JavaThread "Reference Handler" daemon [_thread_blocked, id=25448, stack(0x000000001f7d0000,0x000000001f8d0000)]
  0x00000000026d6800 JavaThread "main" [_thread_in_Java, id=18692, stack(0x00000000024d0000,0x00000000025d0000)]

Other Threads:
  0x000000001e035800 VMThread [stack: 0x000000001f6d0000,0x000000001f7d0000] [id=26172]
  0x000000001e15f000 WatcherThread [stack: 0x0000000020ad0000,0x0000000020bd0000] [id=29148]

VM state:not at safepoint (normal execution)

VM Mutex/Monitor currently owned by a thread: None

Heap:
 PSYoungGen      total 75776K, used 41249K [0x000000076bd80000, 0x0000000771200000, 0x00000007c0000000)
  eden space 65024K, 54% used [0x000000076bd80000,0x000000076e011800,0x000000076fd00000)
  from space 10752K, 54% used [0x000000076fd00000,0x00000007702b6f60,0x0000000770780000)
  to   space 10752K, 0% used [0x0000000770780000,0x0000000770780000,0x0000000771200000)
 ParOldGen       total 173568K, used 88K [0x00000006c3800000, 0x00000006ce180000, 0x000000076bd80000)
  object space 173568K, 0% used [0x00000006c3800000,0x00000006c3816010,0x00000006ce180000)
 Metaspace       used 13993K, capacity 14366K, committed 14592K, reserved 1062912K
  class space    used 1610K, capacity 1739K, committed 1792K, reserved 1048576K

Card table byte_map: [0x0000000011b90000,0x0000000012380000] byte_map_base: 0x000000000e574000

Marking Bits: (ParMarkBitMap*) 0x000000006dbcbe50
 Begin Bits: [0x00000000135d0000, 0x00000000174f0000)
 End Bits:   [0x00000000174f0000, 0x000000001b410000)

Polling page: 0x00000000025d0000

CodeCache: size=245760Kb used=9925Kb max_used=9941Kb free=235834Kb
 bounds [0x00000000027d0000, 0x0000000003190000, 0x00000000117d0000]
 total_blobs=2739 nmethods=2363 adapters=286
 compilation: enabled

Compilation events (10 events):
Event: 0.832 Thread 0x000000001e0dc000 nmethod 2373 0x000000000317d650 code [0x000000000317d7e0, 0x000000000317dbb0]
Event: 0.832 Thread 0x000000001e09d000 nmethod 2369 0x000000000317dd50 code [0x000000000317dfe0, 0x000000000317f108]
Event: 0.833 Thread 0x000000001e0cf800 2374       3       com.sun.org.apache.xerces.internal.impl.XMLErrorReporter::putMessageFormatter (13 bytes)
Event: 0.833 Thread 0x000000001e0cf800 nmethod 2374 0x000000000317f590 code [0x000000000317f700, 0x000000000317f928]
Event: 0.834 Thread 0x000000001e0bd800 2375       1       com.sun.org.apache.xerces.internal.impl.xs.SchemaGrammar::getImportedGrammars (5 bytes)
Event: 0.834 Thread 0x000000001e0bd800 nmethod 2375 0x0000000003163fd0 code [0x0000000003164120, 0x0000000003164230]
Event: 0.836 Thread 0x000000001e075800 nmethod 2317 0x0000000003183850 code [0x0000000003183aa0, 0x0000000003184c48]
Event: 0.836 Thread 0x000000001e075800 2344       4       com.sun.org.apache.xerces.internal.impl.xpath.regex.RangeToken::match (180 bytes)
Event: 0.837 Thread 0x000000001e075800 nmethod 2344 0x0000000003180750 code [0x00000000031808a0, 0x00000000031809c8]
Event: 0.837 Thread 0x000000001e075800 2325       4       com.sun.org.apache.xerces.internal.impl.xs.XMLSchemaValidator::handleCharacters (208 bytes)

GC Heap History (2 events):
Event: 0.683 GC heap before
{Heap before GC invocations=1 (full 0):
 PSYoungGen      total 75776K, used 65024K [0x000000076bd80000, 0x0000000771200000, 0x00000007c0000000)
  eden space 65024K, 100% used [0x000000076bd80000,0x000000076fd00000,0x000000076fd00000)
  from space 10752K, 0% used [0x0000000770780000,0x0000000770780000,0x0000000771200000)
  to   space 10752K, 0% used [0x000000076fd00000,0x000000076fd00000,0x0000000770780000)
 ParOldGen       total 173568K, used 0K [0x00000006c3800000, 0x00000006ce180000, 0x000000076bd80000)
  object space 173568K, 0% used [0x00000006c3800000,0x00000006c3800000,0x00000006ce180000)
 Metaspace       used 13831K, capacity 14214K, committed 14336K, reserved 1062912K
  class space    used 1607K, capacity 1735K, committed 1792K, reserved 1048576K
Event: 0.687 GC heap after
Heap after GC invocations=1 (full 0):
 PSYoungGen      total 75776K, used 5851K [0x000000076bd80000, 0x0000000771200000, 0x00000007c0000000)
  eden space 65024K, 0% used [0x000000076bd80000,0x000000076bd80000,0x000000076fd00000)
  from space 10752K, 54% used [0x000000076fd00000,0x00000007702b6f60,0x0000000770780000)
  to   space 10752K, 0% used [0x0000000770780000,0x0000000770780000,0x0000000771200000)
 ParOldGen       total 173568K, used 88K [0x00000006c3800000, 0x00000006ce180000, 0x000000076bd80000)
  object space 173568K, 0% used [0x00000006c3800000,0x00000006c3816010,0x00000006ce180000)
 Metaspace       used 13831K, capacity 14214K, committed 14336K, reserved 1062912K
  class space    used 1607K, capacity 1735K, committed 1792K, reserved 1048576K
}

Deoptimization events (10 events):
Event: 0.556 Thread 0x00000000026d6800 Uncommon trap: reason=unstable_if action=reinterpret pc=0x0000000002eff388 method=com.sun.org.apache.xerces.internal.impl.io.UTF8Reader.read([CII)I @ 131
Event: 0.559 Thread 0x00000000026d6800 Uncommon trap: reason=unstable_if action=reinterpret pc=0x0000000002f00060 method=java.util.regex.Matcher.find()Z @ 34
Event: 0.560 Thread 0x00000000026d6800 Uncommon trap: reason=unstable_if action=reinterpret pc=0x0000000002edfa5c method=com.sun.org.apache.xerces.internal.impl.io.UTF8Reader.read([CII)I @ 131
Event: 0.566 Thread 0x00000000026d6800 Uncommon trap: reason=unstable_if action=reinterpret pc=0x0000000002f14cb4 method=java.util.regex.Pattern$LastNode.match(Ljava/util/regex/Matcher;ILjava/lang/CharSequence;)Z @ 5
Event: 0.585 Thread 0x00000000026d6800 Uncommon trap: reason=unstable_if action=reinterpret pc=0x0000000002f820c8 method=com.sun.org.apache.xerces.internal.impl.XMLEntityScanner.scanContent(Lcom/sun/org/apache/xerces/internal/xni/XMLString;)I @ 44
Event: 0.649 Thread 0x00000000026d6800 Uncommon trap: reason=unstable_if action=reinterpret pc=0x0000000003027bd8 method=com.sun.org.apache.xerces.internal.impl.XMLEntityScanner.scanContent(Lcom/sun/org/apache/xerces/internal/xni/XMLString;)I @ 418
Event: 0.693 Thread 0x00000000026d6800 Uncommon trap: reason=unstable_if action=reinterpret pc=0x000000000304eae0 method=com.sun.org.apache.xerces.internal.impl.XMLEntityScanner.scanQName(Lcom/sun/org/apache/xerces/internal/xni/QName;Lcom/sun/org/apache/xerces/internal/impl/XMLScanner$NameType
Event: 0.803 Thread 0x00000000026d6800 Uncommon trap: reason=unstable_if action=reinterpret pc=0x00000000030fdc64 method=com.sun.org.apache.xerces.internal.impl.xs.XSDDescription.hashCode()I @ 4
Event: 0.803 Thread 0x00000000026d6800 Uncommon trap: reason=unstable_if action=reinterpret pc=0x0000000003027694 method=com.sun.org.apache.xerces.internal.impl.xs.XSDDescription.hashCode()I @ 4
Event: 0.813 Thread 0x00000000026d6800 Uncommon trap: reason=unstable_if action=reinterpret pc=0x00000000030331cc method=com.sun.org.apache.xerces.internal.impl.xpath.regex.RangeToken.match(I)Z @ 4

Classes redefined (0 events):
No events

Internal exceptions (10 events):
Event: 0.478 Thread 0x00000000026d6800 Exception <a 'sun/nio/fs/WindowsException'> (0x000000076d8e7f88) thrown at [C:\Users\jenkins\workspace\openjdk8_build_x86-64_windows\openjdk\hotspot\src\share\vm\prims\jni.cpp, line 709]
Event: 0.478 Thread 0x00000000026d6800 Exception <a 'sun/nio/fs/WindowsException'> (0x000000076d8e8918) thrown at [C:\Users\jenkins\workspace\openjdk8_build_x86-64_windows\openjdk\hotspot\src\share\vm\prims\jni.cpp, line 709]
Event: 0.478 Thread 0x00000000026d6800 Exception <a 'sun/nio/fs/WindowsException'> (0x000000076d8e9050) thrown at [C:\Users\jenkins\workspace\openjdk8_build_x86-64_windows\openjdk\hotspot\src\share\vm\prims\jni.cpp, line 709]
Event: 0.478 Thread 0x00000000026d6800 Exception <a 'sun/nio/fs/WindowsException'> (0x000000076d8e9b10) thrown at [C:\Users\jenkins\workspace\openjdk8_build_x86-64_windows\openjdk\hotspot\src\share\vm\prims\jni.cpp, line 709]
Event: 0.478 Thread 0x00000000026d6800 Exception <a 'sun/nio/fs/WindowsException'> (0x000000076d8eb0f0) thrown at [C:\Users\jenkins\workspace\openjdk8_build_x86-64_windows\openjdk\hotspot\src\share\vm\prims\jni.cpp, line 709]
Event: 0.478 Thread 0x00000000026d6800 Exception <a 'sun/nio/fs/WindowsException'> (0x000000076d8eb870) thrown at [C:\Users\jenkins\workspace\openjdk8_build_x86-64_windows\openjdk\hotspot\src\share\vm\prims\jni.cpp, line 709]
Event: 0.499 Thread 0x00000000026d6800 Exception <a 'java/lang/ClassNotFoundException': com/sun/org/glassfish/hk2/osgiresourcelocator/ServiceLoader> (0x000000076dac3030) thrown at [C:\Users\jenkins\workspace\openjdk8_build_x86-64_windows\openjdk\hotspot\src\share\vm\classfile\systemDictionary.
Event: 0.527 Thread 0x00000000026d6800 Exception <a 'java/lang/ClassNotFoundException': com/sun/org/glassfish/hk2/osgiresourcelocator/ServiceLoader> (0x000000076dcdbfe8) thrown at [C:\Users\jenkins\workspace\openjdk8_build_x86-64_windows\openjdk\hotspot\src\share\vm\classfile\systemDictionary.
Event: 0.759 Thread 0x00000000026d6800 Exception <a 'java/lang/ClassNotFoundException': com/sun/org/glassfish/hk2/osgiresourcelocator/ServiceLoader> (0x000000076d57e308) thrown at [C:\Users\jenkins\workspace\openjdk8_build_x86-64_windows\openjdk\hotspot\src\share\vm\classfile\systemDictionary.
Event: 0.813 Thread 0x00000000026d6800 Implicit null exception at 0x0000000003033110 to 0x00000000030331b5

Events (10 events):
Event: 0.759 loading class com/sun/org/glassfish/hk2/osgiresourcelocator/ServiceLoader done
Event: 0.803 Thread 0x00000000026d6800 Uncommon trap: trap_request=0xffffff65 fr.pc=0x00000000030fdc64
Event: 0.803 Thread 0x00000000026d6800 DEOPT PACKING pc=0x00000000030fdc64 sp=0x00000000025cec30
Event: 0.803 Thread 0x00000000026d6800 DEOPT UNPACKING pc=0x000000000281557b sp=0x00000000025ceac8 mode 2
Event: 0.803 Thread 0x00000000026d6800 Uncommon trap: trap_request=0xffffff65 fr.pc=0x0000000003027694
Event: 0.803 Thread 0x00000000026d6800 DEOPT PACKING pc=0x0000000003027694 sp=0x00000000025cea60
Event: 0.803 Thread 0x00000000026d6800 DEOPT UNPACKING pc=0x000000000281557b sp=0x00000000025cea00 mode 2
Event: 0.813 Thread 0x00000000026d6800 Uncommon trap: trap_request=0xffffff65 fr.pc=0x00000000030331cc
Event: 0.813 Thread 0x00000000026d6800 DEOPT PACKING pc=0x00000000030331cc sp=0x00000000025cdc40
Event: 0.813 Thread 0x00000000026d6800 DEOPT UNPACKING pc=0x000000000281557b sp=0x00000000025cdbc8 mode 2


Dynamic libraries:
0x00007ff7e8b10000 - 0x00007ff7e8b45000 	D:\Unity Editors Folder\2021.3.13f1\Editor\Data\PlaybackEngines\AndroidPlayer\OpenJDK\bin\java.exe
0x00007ffdffd70000 - 0x00007ffdfff68000 	C:\Windows\SYSTEM32\ntdll.dll
0x00007ffdfe440000 - 0x00007ffdfe4ff000 	C:\Windows\System32\KERNEL32.DLL
0x00007ffdfd520000 - 0x00007ffdfd7f2000 	C:\Windows\System32\KERNELBASE.dll
0x00007ffdfe230000 - 0x00007ffdfe2de000 	C:\Windows\System32\ADVAPI32.dll
0x00007ffdfec40000 - 0x00007ffdfecde000 	C:\Windows\System32\msvcrt.dll
0x00007ffdfe6b0000 - 0x00007ffdfe74c000 	C:\Windows\System32\sechost.dll
0x00007ffdfe980000 - 0x00007ffdfeaa4000 	C:\Windows\System32\RPCRT4.dll
0x00007ffdfe500000 - 0x00007ffdfe6a1000 	C:\Windows\System32\USER32.dll
0x00007ffdfdbc0000 - 0x00007ffdfdbe2000 	C:\Windows\System32\win32u.dll
0x00007ffdfe810000 - 0x00007ffdfe83b000 	C:\Windows\System32\GDI32.dll
0x00007ffdfdcb0000 - 0x00007ffdfddbf000 	C:\Windows\System32\gdi32full.dll
0x00007ffdfd800000 - 0x00007ffdfd89d000 	C:\Windows\System32\msvcp_win.dll
0x00007ffdfd960000 - 0x00007ffdfda60000 	C:\Windows\System32\ucrtbase.dll
0x00007ffdfc870000 - 0x00007ffdfcb0a000 	C:\Windows\WinSxS\amd64_microsoft.windows.common-controls_6595b64144ccf1df_6.0.19041.1110_none_60b5254171f9507e\COMCTL32.dll
0x00007ffdfe750000 - 0x00007ffdfe780000 	C:\Windows\System32\IMM32.DLL
0x000000006dc50000 - 0x000000006dd22000 	D:\Unity Editors Folder\2021.3.13f1\Editor\Data\PlaybackEngines\AndroidPlayer\OpenJDK\jre\bin\msvcr100.dll
0x000000006d400000 - 0x000000006dc49000 	D:\Unity Editors Folder\2021.3.13f1\Editor\Data\PlaybackEngines\AndroidPlayer\OpenJDK\jre\bin\server\jvm.dll
0x00007ffdff0a0000 - 0x00007ffdff0a8000 	C:\Windows\System32\PSAPI.DLL
0x00007ffdf9cc0000 - 0x00007ffdf9cca000 	C:\Windows\SYSTEM32\VERSION.dll
0x00007ffddf060000 - 0x00007ffddf087000 	C:\Windows\SYSTEM32\WINMM.dll
0x00007ffdd44d0000 - 0x00007ffdd44d9000 	C:\Windows\SYSTEM32\WSOCK32.dll
0x00007ffdfebd0000 - 0x00007ffdfec3b000 	C:\Windows\System32\WS2_32.dll
0x00007ffdf8690000 - 0x00007ffdf869f000 	D:\Unity Editors Folder\2021.3.13f1\Editor\Data\PlaybackEngines\AndroidPlayer\OpenJDK\jre\bin\verify.dll
0x00007ffde3e10000 - 0x00007ffde3e39000 	D:\Unity Editors Folder\2021.3.13f1\Editor\Data\PlaybackEngines\AndroidPlayer\OpenJDK\jre\bin\java.dll
0x00007ffdf6e70000 - 0x00007ffdf6e86000 	D:\Unity Editors Folder\2021.3.13f1\Editor\Data\PlaybackEngines\AndroidPlayer\OpenJDK\jre\bin\zip.dll
0x00007ffdff2c0000 - 0x00007ffdffa05000 	C:\Windows\System32\SHELL32.dll
0x00007ffdfa6a0000 - 0x00007ffdfae32000 	C:\Windows\SYSTEM32\windows.storage.dll
0x00007ffdfed40000 - 0x00007ffdff095000 	C:\Windows\System32\combase.dll
0x00007ffdfc7d0000 - 0x00007ffdfc800000 	C:\Windows\SYSTEM32\Wldp.dll
0x00007ffdfe2e0000 - 0x00007ffdfe38d000 	C:\Windows\System32\SHCORE.dll
0x00007ffdfe7a0000 - 0x00007ffdfe7f5000 	C:\Windows\System32\shlwapi.dll
0x00007ffdfd3b0000 - 0x00007ffdfd3cf000 	C:\Windows\SYSTEM32\profapi.dll
0x00007ffddc3e0000 - 0x00007ffddc3fa000 	D:\Unity Editors Folder\2021.3.13f1\Editor\Data\PlaybackEngines\AndroidPlayer\OpenJDK\jre\bin\net.dll
0x00007ffdfc6a0000 - 0x00007ffdfc70a000 	C:\Windows\system32\mswsock.dll
0x00007ffdd1e50000 - 0x00007ffdd1e61000 	D:\Unity Editors Folder\2021.3.13f1\Editor\Data\PlaybackEngines\AndroidPlayer\OpenJDK\jre\bin\nio.dll

VM Arguments:
jvm_args: -Dfile.encoding=UTF-8 -Dcom.android.sdklib.toolsdir=D:\Unity Editors Folder\2021.3.13f1\Editor\Data\PlaybackEngines\AndroidPlayer\SDK\tools\bin\\.. 
java_command: com.android.sdklib.tool.sdkmanager.SdkManagerCli --list
java_class_path (initial): D:\Unity Editors Folder\2021.3.13f1\Editor\Data\PlaybackEngines\AndroidPlayer\SDK\tools\bin\..\lib\dvlib-26.0.0-dev.jar;D:\Unity Editors Folder\2021.3.13f1\Editor\Data\PlaybackEngines\AndroidPlayer\SDK\tools\bin\..\lib\jimfs-1.1.jar;D:\Unity Editors Folder\2021.3.13f1\Editor\Data\PlaybackEngines\AndroidPlayer\SDK\tools\bin\..\lib\jsr305-1.3.9.jar;D:\Unity Editors Folder\2021.3.13f1\Editor\Data\PlaybackEngines\AndroidPlayer\SDK\tools\bin\..\lib\repository-26.0.0-dev.jar;D:\Unity Editors Folder\2021.3.13f1\Editor\Data\PlaybackEngines\AndroidPlayer\SDK\tools\bin\..\lib\j2objc-annotations-1.1.jar;D:\Unity Editors Folder\2021.3.13f1\Editor\Data\PlaybackEngines\AndroidPlayer\SDK\tools\bin\..\lib\layoutlib-api-26.0.0-dev.jar;D:\Unity Editors Folder\2021.3.13f1\Editor\Data\PlaybackEngines\AndroidPlayer\SDK\tools\bin\..\lib\gson-2.3.jar;D:\Unity Editors Folder\2021.3.13f1\Editor\Data\PlaybackEngines\AndroidPlayer\SDK\tools\bin\..\lib\httpcore-4.2.5.jar;D:\Unity Editors Folder\2021.3.13f1\Editor\Data\PlaybackEngines\AndroidPlayer\SDK\tools\bin\..\lib\commons-logging-1.1.1.jar;D:\Unity Editors Folder\2021.3.13f1\Editor\Data\PlaybackEngines\AndroidPlayer\SDK\tools\bin\..\lib\commons-compress-1.12.jar;D:\Unity Editors Folder\2021.3.13f1\Editor\Data\PlaybackEngines\AndroidPlayer\SDK\tools\bin\..\lib\annotations-26.0.0-dev.jar;D:\Unity Editors Folder\2021.3.13f1\Editor\Data\PlaybackEngines\AndroidPlayer\SDK\tools\bin\..\lib\error_prone_annotations-2.0.18.jar;D:\Unity Editors Folder\2021.3.13f1\Editor\Data\PlaybackEngines\AndroidPlayer\SDK\tools\bin\..\lib\animal-sniffer-annotations-1.14.jar;D:\Unity Editors Folder\2021.3.13f1\Editor\Data\PlaybackEngines\AndroidPlayer\SDK\tools\bin\..\lib\httpclient-4.2.6.jar;D:\Unity Editors Folder\2021.3.13f1\Editor\Data\PlaybackEngines\AndroidPlayer\SDK\tools\bin\..\lib\commons-codec-1.6.jar;D:\Unity Editors Folder\2021.3.13f1\Editor\Data\PlaybackEngines\AndroidPlayer\SDK\tools\bin\..\lib\common-26.0.0-dev.jar;D:\Uni
Launcher Type: SUN_STANDARD

Environment Variables:
JAVA_HOME=D:\Unity Editors Folder\2021.3.13f1\Editor\Data\PlaybackEngines\AndroidPlayer\OpenJDK
JAVA_TOOL_OPTIONS=-Dfile.encoding=UTF-8
USERNAME=HP
OS=Windows_NT
PROCESSOR_IDENTIFIER=Intel64 Family 6 Model 165 Stepping 2, GenuineIntel



---------------  S Y S T E M  ---------------

OS: Windows 10.0 , 64 bit Build 19041 (10.0.19041.2546)

CPU:total 16 (initial active 16) (8 cores per cpu, 2 threads per core) family 6 model 165 stepping 2, cmov, cx8, fxsr, mmx, sse, sse2, sse3, ssse3, sse4.1, sse4.2, popcnt, avx, avx2, aes, clmul, erms, 3dnowpref, lzcnt, ht, tsc, tscinvbit, bmi1, bmi2, adx

Memory: 4k page, physical 16540424k(2102468k free), swap 23215456k(5684k free)

vm_info: OpenJDK 64-Bit Server VM (25.71-b00) for windows-amd64 JRE (1.8.0-adoptopenjdk-_2018_05_19_00_59-b00), built on May 19 2018 01:02:12 by "jenkins" with MS VC++ 10.0 (VS2010)

time: Sat Apr 08 13:23:24 2023
elapsed time: 0 seconds (0d 0h 0m 0s)

